<?xml version="1.0" encoding="UTF-8"?>
<testng-results skipped="0" failed="1" ignored="0" total="1" passed="0">
  <reporter-output>
  </reporter-output>
  <suite name="Default suite" duration-ms="291" started-at="2018-05-06T23:05:42Z" finished-at="2018-05-06T23:05:43Z">
    <groups>
    </groups>
    <test name="Default test" duration-ms="291" started-at="2018-05-06T23:05:42Z" finished-at="2018-05-06T23:05:43Z">
      <class name="goodman.fielder">
        <test-method status="FAIL" signature="automationtestion()[pri:0, instance:goodman.fielder@1b604f19]" name="automationtestion" duration-ms="225" started-at="2018-05-07T11:05:43Z" finished-at="2018-05-07T11:05:43Z">
          <exception class="org.openqa.selenium.WebDriverException">
            <message>
              <![CDATA[Cannot find firefox binary in PATH. Make sure firefox is installed. OS appears to be: WIN10Build info: version: '3.8.1', revision: '6e95a6684b', time: '2017-12-01T19:05:14.666Z'System info: host: 'INTEL-LGA1150', ip: '192.168.99.1', os.name: 'Windows 10', os.arch: 'amd64', os.version: '10.0', java.version: '1.8.0_144'Driver info: driver.version: FirefoxDriver]]>
            </message>
            <full-stacktrace>
              <![CDATA[org.openqa.selenium.WebDriverException: Cannot find firefox binary in PATH. Make sure firefox is installed. OS appears to be: WIN10Build info: version: '3.8.1', revision: '6e95a6684b', time: '2017-12-01T19:05:14.666Z'System info: host: 'INTEL-LGA1150', ip: '192.168.99.1', os.name: 'Windows 10', os.arch: 'amd64', os.version: '10.0', java.version: '1.8.0_144'Driver info: driver.version: FirefoxDriverat org.openqa.selenium.firefox.FirefoxBinary.<init>(FirefoxBinary.java:116)at java.util.Optional.orElseGet(Unknown Source)at org.openqa.selenium.firefox.FirefoxOptions.getBinary(FirefoxOptions.java:218)at org.openqa.selenium.firefox.FirefoxDriver.toExecutor(FirefoxDriver.java:155)at org.openqa.selenium.firefox.FirefoxDriver.<init>(FirefoxDriver.java:120)at org.openqa.selenium.firefox.FirefoxDriver.<init>(FirefoxDriver.java:98)at goodman.fielder.automationtestion(fielder.java:22)at sun.reflect.NativeMethodAccessorImpl.invoke0(Native Method)at sun.reflect.NativeMethodAccessorImpl.invoke(Unknown Source)at sun.reflect.DelegatingMethodAccessorImpl.invoke(Unknown Source)at java.lang.reflect.Method.invoke(Unknown Source)at org.testng.internal.MethodInvocationHelper.invokeMethod(MethodInvocationHelper.java:124)at org.testng.internal.Invoker.invokeMethod(Invoker.java:571)at org.testng.internal.Invoker.invokeTestMethod(Invoker.java:707)at org.testng.internal.Invoker.invokeTestMethods(Invoker.java:979)at org.testng.internal.TestMethodWorker.invokeTestMethods(TestMethodWorker.java:125)at org.testng.internal.TestMethodWorker.run(TestMethodWorker.java:109)at org.testng.TestRunner.privateRun(TestRunner.java:648)at org.testng.TestRunner.run(TestRunner.java:505)at org.testng.SuiteRunner.runTest(SuiteRunner.java:455)at org.testng.SuiteRunner.runSequentially(SuiteRunner.java:450)at org.testng.SuiteRunner.privateRun(SuiteRunner.java:415)at org.testng.SuiteRunner.run(SuiteRunner.java:364)at org.testng.SuiteRunnerWorker.runSuite(SuiteRunnerWorker.java:52)at org.testng.SuiteRunnerWorker.run(SuiteRunnerWorker.java:84)at org.testng.TestNG.runSuitesSequentially(TestNG.java:1187)at org.testng.TestNG.runSuitesLocally(TestNG.java:1116)at org.testng.TestNG.runSuites(TestNG.java:1028)at org.testng.TestNG.run(TestNG.java:996)at org.testng.remote.AbstractRemoteTestNG.run(AbstractRemoteTestNG.java:114)at org.testng.remote.RemoteTestNG.initAndRun(RemoteTestNG.java:251)at org.testng.remote.RemoteTestNG.main(RemoteTestNG.java:77)]]>
            </full-stacktrace>
          </exception> <!-- org.openqa.selenium.WebDriverException -->
          <reporter-output>
          </reporter-output>
        </test-method> <!-- automationtestion -->
      </class> <!-- goodman.fielder -->
    </test> <!-- Default test -->
  </suite> <!-- Default suite -->
</testng-results>
